
Mar 20, 2019 14:39:02.79 NEW SESSION
Mar 20, 2019 14:39:02.79 [3724:12016:0320/143902.786:ERROR:external_registry_loader_win.cc(158)] File C:\Program Files (x86)\EagleGet\addon\eagleget_newtab.crx for key Software\Google\Chrome\Extensions\hdkdmoacnkphoadmfidlhfdobieblphn does not exist or is not readable.
Mar 20, 2019 14:46:24.25 [3724:4688:0320/144624.253:ERROR:gcm_channel_status_request.cc(151)] GCM channel request failed.
Mar 20, 2019 14:46:52.11 [3724:4688:0320/144652.112:ERROR:gcm_channel_status_request.cc(151)] GCM channel request failed.
Mar 20, 2019 14:47:36.49 [3724:4688:0320/144736.492:ERROR:gcm_channel_status_request.cc(151)] GCM channel request failed.
Mar 20, 2019 14:49:09.73 [3724:4688:0320/144909.735:ERROR:gcm_channel_status_request.cc(151)] GCM channel request failed.
Mar 20, 2019 14:52:50.88 [3724:4688:0320/145250.885:ERROR:gcm_channel_status_request.cc(151)] GCM channel request failed.
Mar 20, 2019 14:58:29.76 [3724:4688:0320/145829.761:ERROR:gcm_channel_status_request.cc(151)] GCM channel request failed.
Mar 20, 2019 15:08:29.76 [3724:4688:0320/150829.764:ERROR:gcm_channel_status_request.cc(151)] GCM channel request failed.
Mar 20, 2019 15:18:29.77 [3724:4688:0320/151829.776:ERROR:gcm_channel_status_request.cc(151)] GCM channel request failed.
Mar 20, 2019 15:26:20.49 [3724:3988:0320/152620.499:ERROR:browser_process_sub_thread.cc(209)] Waited 57 ms for network service

Mar 20, 2019 15:58:43.67 NEW SESSION
Mar 20, 2019 15:58:43.67 [7400:2752:0320/155843.668:ERROR:external_registry_loader_win.cc(158)] File C:\Program Files (x86)\EagleGet\addon\eagleget_newtab.crx for key Software\Google\Chrome\Extensions\hdkdmoacnkphoadmfidlhfdobieblphn does not exist or is not readable.
Mar 20, 2019 16:04:44.66 [7400:13828:0320/160444.658:ERROR:browser_process_sub_thread.cc(209)] Waited 88 ms for network service
Mar 20, 2019 16:06:16.38 [11916:9568:0320/160616.381:ERROR:external_registry_loader_win.cc(158)] File C:\Program Files (x86)\EagleGet\addon\eagleget_newtab.crx for key Software\Google\Chrome\Extensions\hdkdmoacnkphoadmfidlhfdobieblphn does not exist or is not readable.
Mar 20, 2019 16:06:19.26 [11916:14048:0320/160619.257:ERROR:browser_process_sub_thread.cc(209)] Waited 116 ms for network service

Mar 20, 2019 16:18:14.81 NEW SESSION
Mar 20, 2019 16:18:14.81 [12420:13616:0320/161814.813:ERROR:external_registry_loader_win.cc(158)] File C:\Program Files (x86)\EagleGet\addon\eagleget_newtab.crx for key Software\Google\Chrome\Extensions\hdkdmoacnkphoadmfidlhfdobieblphn does not exist or is not readable.
Mar 20, 2019 16:29:03.80 [12420:8532:0320/162903.806:ERROR:gcm_channel_status_request.cc(151)] GCM channel request failed.
Mar 20, 2019 16:29:27.40 [12420:8532:0320/162927.403:ERROR:gcm_channel_status_request.cc(151)] GCM channel request failed.
Mar 20, 2019 16:30:21.86 [12420:8532:0320/163021.861:ERROR:gcm_channel_status_request.cc(151)] GCM channel request failed.
Mar 20, 2019 16:32:08.07 [12420:8532:0320/163208.073:ERROR:gcm_channel_status_request.cc(151)] GCM channel request failed.
Mar 20, 2019 16:35:42.49 [12420:8532:0320/163542.496:ERROR:gcm_channel_status_request.cc(151)] GCM channel request failed.
Mar 20, 2019 16:36:40.94 [12420:12452:0320/163640.927:ERROR:browser_process_sub_thread.cc(209)] Waited 172 ms for network service

Mar 20, 2019 20:19:25.06 NEW SESSION
Mar 20, 2019 20:19:25.06 [4532:1792:0320/201925.058:ERROR:external_registry_loader_win.cc(158)] File C:\Program Files (x86)\EagleGet\addon\eagleget_newtab.crx for key Software\Google\Chrome\Extensions\hdkdmoacnkphoadmfidlhfdobieblphn does not exist or is not readable.
Mar 20, 2019 20:23:00.79 [4532:3588:0320/202300.794:ERROR:browser_process_sub_thread.cc(209)] Waited 180 ms for network service

Mar 22, 2019 12:48:24.69 NEW SESSION
Mar 22, 2019 12:48:26.01 [12524:4008:0322/124824.652:ERROR:external_registry_loader_win.cc(158)] File C:\Program Files (x86)\EagleGet\addon\eagleget_newtab.crx for key Software\Google\Chrome\Extensions\hdkdmoacnkphoadmfidlhfdobieblphn does not exist or is not readable.
Mar 22, 2019 12:48:35.72 [12524:10060:0322/124835.723:ERROR:browser_process_sub_thread.cc(209)] Waited 78 ms for network service

Mar 22, 2019 15:06:20.04 NEW SESSION
Mar 22, 2019 15:06:20.17 [10784:13164:0322/150619.848:ERROR:external_registry_loader_win.cc(158)] File C:\Program Files (x86)\EagleGet\addon\eagleget_newtab.crx for key Software\Google\Chrome\Extensions\hdkdmoacnkphoadmfidlhfdobieblphn does not exist or is not readable.
Mar 22, 2019 15:06:26.87 [10784:5420:0322/150626.878:ERROR:browser_process_sub_thread.cc(209)] Waited 116 ms for network service
Mar 22, 2019 15:08:12.27 [12808:7772:0322/150812.275:ERROR:external_registry_loader_win.cc(158)] File C:\Program Files (x86)\EagleGet\addon\eagleget_newtab.crx for key Software\Google\Chrome\Extensions\hdkdmoacnkphoadmfidlhfdobieblphn does not exist or is not readable.
Mar 22, 2019 15:10:44.81 [12808:11428:0322/151044.813:ERROR:browser_process_sub_thread.cc(209)] Waited 88 ms for network service
Mar 22, 2019 15:10:48.27 [4744:5660:0322/151048.279:ERROR:external_registry_loader_win.cc(158)] File C:\Program Files (x86)\EagleGet\addon\eagleget_newtab.crx for key Software\Google\Chrome\Extensions\hdkdmoacnkphoadmfidlhfdobieblphn does not exist or is not readable.
Mar 22, 2019 15:10:51.05 [4744:10704:0322/151051.035:ERROR:browser_process_sub_thread.cc(209)] Waited 77 ms for network service
Mar 22, 2019 15:12:16.01 [4116:6616:0322/151216.018:ERROR:external_registry_loader_win.cc(158)] File C:\Program Files (x86)\EagleGet\addon\eagleget_newtab.crx for key Software\Google\Chrome\Extensions\hdkdmoacnkphoadmfidlhfdobieblphn does not exist or is not readable.
Mar 22, 2019 15:32:10.90 [4116:4788:0322/153210.896:ERROR:browser_process_sub_thread.cc(209)] Waited 40 ms for network service

Mar 23, 2019 09:27:56.84 NEW SESSION
Mar 23, 2019 09:27:56.84 [2272:1128:0323/092756.509:ERROR:external_registry_loader_win.cc(158)] File C:\Program Files (x86)\EagleGet\addon\eagleget_newtab.crx for key Software\Google\Chrome\Extensions\hdkdmoacnkphoadmfidlhfdobieblphn does not exist or is not readable.
Mar 23, 2019 09:41:15.49 [2272:14904:0323/094115.497:ERROR:gcm_channel_status_request.cc(151)] GCM channel request failed.
Mar 23, 2019 09:41:44.09 [2272:14904:0323/094144.093:ERROR:gcm_channel_status_request.cc(151)] GCM channel request failed.
Mar 23, 2019 09:42:38.28 [2272:14904:0323/094238.284:ERROR:gcm_channel_status_request.cc(151)] GCM channel request failed.
Mar 23, 2019 09:44:08.01 [2272:14904:0323/094408.018:ERROR:gcm_channel_status_request.cc(151)] GCM channel request failed.
Mar 23, 2019 09:47:20.25 [2272:14904:0323/094720.256:ERROR:gcm_channel_status_request.cc(151)] GCM channel request failed.
Mar 23, 2019 09:47:28.89 [2272:9320:0323/094728.896:ERROR:browser_process_sub_thread.cc(209)] Waited 132 ms for network service
Mar 23, 2019 09:48:01.88 [11428:8552:0323/094801.889:ERROR:external_registry_loader_win.cc(158)] File C:\Program Files (x86)\EagleGet\addon\eagleget_newtab.crx for key Software\Google\Chrome\Extensions\hdkdmoacnkphoadmfidlhfdobieblphn does not exist or is not readable.
Mar 23, 2019 09:48:17.17 [11428:12432:0323/094817.176:ERROR:browser_process_sub_thread.cc(209)] Waited 235 ms for network service
Mar 23, 2019 09:48:45.23 [1920:10172:0323/094845.233:ERROR:external_registry_loader_win.cc(158)] File C:\Program Files (x86)\EagleGet\addon\eagleget_newtab.crx for key Software\Google\Chrome\Extensions\hdkdmoacnkphoadmfidlhfdobieblphn does not exist or is not readable.
Mar 23, 2019 09:51:45.87 [1920:7692:0323/095145.879:ERROR:browser_process_sub_thread.cc(209)] Waited 101 ms for network service
Mar 23, 2019 09:53:32.87 [4764:6580:0323/095332.870:ERROR:external_registry_loader_win.cc(158)] File C:\Program Files (x86)\EagleGet\addon\eagleget_newtab.crx for key Software\Google\Chrome\Extensions\hdkdmoacnkphoadmfidlhfdobieblphn does not exist or is not readable.
Mar 23, 2019 09:58:13.87 [4764:10628:0323/095813.872:ERROR:gcm_channel_status_request.cc(151)] GCM channel request failed.
Mar 23, 2019 09:58:32.52 [4764:10628:0323/095832.519:ERROR:account_info_fetcher.cc(59)] OnGetTokenFailure: Connection failed (-106).
Mar 23, 2019 09:58:43.04 [4764:10628:0323/095843.047:ERROR:gcm_channel_status_request.cc(151)] GCM channel request failed.
Mar 23, 2019 09:59:30.51 [4764:10628:0323/095930.511:ERROR:gcm_channel_status_request.cc(151)] GCM channel request failed.
Mar 23, 2019 10:00:54.24 [4764:10628:0323/100054.243:ERROR:gcm_channel_status_request.cc(151)] GCM channel request failed.
Mar 23, 2019 10:04:12.24 [4764:10628:0323/100412.245:ERROR:gcm_channel_status_request.cc(151)] GCM channel request failed.
Mar 23, 2019 10:10:08.25 [4764:10628:0323/101008.249:ERROR:gcm_channel_status_request.cc(151)] GCM channel request failed.
Mar 23, 2019 10:20:08.25 [4764:10628:0323/102008.256:ERROR:gcm_channel_status_request.cc(151)] GCM channel request failed.
Mar 23, 2019 10:30:08.27 [4764:10628:0323/103008.276:ERROR:gcm_channel_status_request.cc(151)] GCM channel request failed.
Mar 23, 2019 10:35:14.23 [4764:10628:0323/103514.238:ERROR:textfield.cc(1777)] NOT IMPLEMENTED
Mar 23, 2019 10:37:37.84 [4764:7380:0323/103737.833:ERROR:browser_process_sub_thread.cc(209)] Waited 46 ms for network service
Mar 23, 2019 13:52:42.58 [5252:1256:0323/135242.584:ERROR:external_registry_loader_win.cc(158)] File C:\Program Files (x86)\EagleGet\addon\eagleget_newtab.crx for key Software\Google\Chrome\Extensions\hdkdmoacnkphoadmfidlhfdobieblphn does not exist or is not readable.
Mar 23, 2019 13:55:58.61 [5252:8876:0323/135558.613:ERROR:gcm_channel_status_request.cc(151)] GCM channel request failed.
Mar 23, 2019 13:56:19.20 [5252:8876:0323/135619.208:ERROR:gcm_channel_status_request.cc(151)] GCM channel request failed.
Mar 23, 2019 13:57:10.29 [5252:8876:0323/135710.296:ERROR:gcm_channel_status_request.cc(151)] GCM channel request failed.
Mar 23, 2019 13:59:09.39 [5252:8876:0323/135909.395:ERROR:gcm_channel_status_request.cc(151)] GCM channel request failed.
Mar 23, 2019 14:02:05.67 [5252:8876:0323/140205.675:ERROR:gcm_channel_status_request.cc(151)] GCM channel request failed.
Mar 23, 2019 14:07:32.74 [5252:8876:0323/140732.740:ERROR:gcm_channel_status_request.cc(151)] GCM channel request failed.
Mar 23, 2019 14:13:49.86 [5252:7180:0323/141349.852:ERROR:browser_process_sub_thread.cc(209)] Waited 190 ms for network service

Mar 24, 2019 15:01:03.63 NEW SESSION
Mar 24, 2019 15:01:04.17 [9356:11844:0324/150103.608:ERROR:external_registry_loader_win.cc(158)] File C:\Program Files (x86)\EagleGet\addon\eagleget_newtab.crx for key Software\Google\Chrome\Extensions\hdkdmoacnkphoadmfidlhfdobieblphn does not exist or is not readable.

Mar 24, 2019 18:06:53.64 NEW SESSION
Mar 24, 2019 18:06:53.64 [11968:1416:0324/180653.643:ERROR:external_registry_loader_win.cc(158)] File C:\Program Files (x86)\EagleGet\addon\eagleget_newtab.crx for key Software\Google\Chrome\Extensions\hdkdmoacnkphoadmfidlhfdobieblphn does not exist or is not readable.

Mar 25, 2019 10:19:33.14 NEW SESSION
Mar 25, 2019 10:19:33.14 [8380:14248:0325/101932.965:ERROR:external_registry_loader_win.cc(158)] File C:\Program Files (x86)\EagleGet\addon\eagleget_newtab.crx for key Software\Google\Chrome\Extensions\hdkdmoacnkphoadmfidlhfdobieblphn does not exist or is not readable.
